生成启动时间为 2018/3/13 9:14:17。
     1>项目“E:\Users\bertz\Documents\GitHub\ENC28J60\VS_ENC28J60.vcxproj”在节点 2 上(Build 个目标)。
     1>ClCompile:
         gpio.c
         c:\sysgcc\arm-eabi\bin\arm-eabi-gcc.exe -mthumb -mcpu=cortex-m3 -IE:/Users/bertz/Documents/GitHub/ENC28J60/ -IInc -IDrivers/CMSIS/Device/ST/STM32F1xx/Include -IDrivers/STM32F1xx_HAL_Driver/Inc -IDrivers/STM32F1xx_HAL_Driver/Inc/Legacy -IDrivers/STM32F1xx_HAL_Driver/Src -IDrivers/CMSIS/Include -ggdb -O0 -DARM_MATH_CM3 -DSTM32F103RCTx -Dflash_layout -DSTM32F103xE -DDEBUG=1 -DDEBUG=1 -ffunction-sections -fdata-sections   -c "Src/gpio.c" -o "VisualGDB/Debug/gpio.o" -MD -MP -MF "VisualGDB/Debug/gpio.dep"
         dma.c
         c:\sysgcc\arm-eabi\bin\arm-eabi-gcc.exe -mthumb -mcpu=cortex-m3 -IE:/Users/bertz/Documents/GitHub/ENC28J60/ -IInc -IDrivers/CMSIS/Device/ST/STM32F1xx/Include -IDrivers/STM32F1xx_HAL_Driver/Inc -IDrivers/STM32F1xx_HAL_Driver/Inc/Legacy -IDrivers/STM32F1xx_HAL_Driver/Src -IDrivers/CMSIS/Include -ggdb -O0 -DARM_MATH_CM3 -DSTM32F103RCTx -Dflash_layout -DSTM32F103xE -DDEBUG=1 -DDEBUG=1 -ffunction-sections -fdata-sections   -c "Src/dma.c" -o "VisualGDB/Debug/dma.o" -MD -MP -MF "VisualGDB/Debug/dma.dep"
         spi.c
         c:\sysgcc\arm-eabi\bin\arm-eabi-gcc.exe -mthumb -mcpu=cortex-m3 -IE:/Users/bertz/Documents/GitHub/ENC28J60/ -IInc -IDrivers/CMSIS/Device/ST/STM32F1xx/Include -IDrivers/STM32F1xx_HAL_Driver/Inc -IDrivers/STM32F1xx_HAL_Driver/Inc/Legacy -IDrivers/STM32F1xx_HAL_Driver/Src -IDrivers/CMSIS/Include -ggdb -O0 -DARM_MATH_CM3 -DSTM32F103RCTx -Dflash_layout -DSTM32F103xE -DDEBUG=1 -DDEBUG=1 -ffunction-sections -fdata-sections   -c "Src/spi.c" -o "VisualGDB/Debug/spi.o" -MD -MP -MF "VisualGDB/Debug/spi.dep"
         usart.c
         c:\sysgcc\arm-eabi\bin\arm-eabi-gcc.exe -mthumb -mcpu=cortex-m3 -IE:/Users/bertz/Documents/GitHub/ENC28J60/ -IInc -IDrivers/CMSIS/Device/ST/STM32F1xx/Include -IDrivers/STM32F1xx_HAL_Driver/Inc -IDrivers/STM32F1xx_HAL_Driver/Inc/Legacy -IDrivers/STM32F1xx_HAL_Driver/Src -IDrivers/CMSIS/Include -ggdb -O0 -DARM_MATH_CM3 -DSTM32F103RCTx -Dflash_layout -DSTM32F103xE -DDEBUG=1 -DDEBUG=1 -ffunction-sections -fdata-sections   -c "Src/usart.c" -o "VisualGDB/Debug/usart.o" -MD -MP -MF "VisualGDB/Debug/usart.dep"
         stm32f1xx_it.c
         c:\sysgcc\arm-eabi\bin\arm-eabi-gcc.exe -mthumb -mcpu=cortex-m3 -IE:/Users/bertz/Documents/GitHub/ENC28J60/ -IInc -IDrivers/CMSIS/Device/ST/STM32F1xx/Include -IDrivers/STM32F1xx_HAL_Driver/Inc -IDrivers/STM32F1xx_HAL_Driver/Inc/Legacy -IDrivers/STM32F1xx_HAL_Driver/Src -IDrivers/CMSIS/Include -ggdb -O0 -DARM_MATH_CM3 -DSTM32F103RCTx -Dflash_layout -DSTM32F103xE -DDEBUG=1 -DDEBUG=1 -ffunction-sections -fdata-sections   -c "Src/stm32f1xx_it.c" -o "VisualGDB/Debug/stm32f1xx_it.o" -MD -MP -MF "VisualGDB/Debug/stm32f1xx_it.dep"
         stm32f1xx_hal_msp.c
         c:\sysgcc\arm-eabi\bin\arm-eabi-gcc.exe -mthumb -mcpu=cortex-m3 -IE:/Users/bertz/Documents/GitHub/ENC28J60/ -IInc -IDrivers/CMSIS/Device/ST/STM32F1xx/Include -IDrivers/STM32F1xx_HAL_Driver/Inc -IDrivers/STM32F1xx_HAL_Driver/Inc/Legacy -IDrivers/STM32F1xx_HAL_Driver/Src -IDrivers/CMSIS/Include -ggdb -O0 -DARM_MATH_CM3 -DSTM32F103RCTx -Dflash_layout -DSTM32F103xE -DDEBUG=1 -DDEBUG=1 -ffunction-sections -fdata-sections   -c "Src/stm32f1xx_hal_msp.c" -o "VisualGDB/Debug/stm32f1xx_hal_msp.o" -MD -MP -MF "VisualGDB/Debug/stm32f1xx_hal_msp.dep"
         main.c
         c:\sysgcc\arm-eabi\bin\arm-eabi-gcc.exe -mthumb -mcpu=cortex-m3 -IE:/Users/bertz/Documents/GitHub/ENC28J60/ -IInc -IDrivers/CMSIS/Device/ST/STM32F1xx/Include -IDrivers/STM32F1xx_HAL_Driver/Inc -IDrivers/STM32F1xx_HAL_Driver/Inc/Legacy -IDrivers/STM32F1xx_HAL_Driver/Src -IDrivers/CMSIS/Include -ggdb -O0 -DARM_MATH_CM3 -DSTM32F103RCTx -Dflash_layout -DSTM32F103xE -DDEBUG=1 -DDEBUG=1 -ffunction-sections -fdata-sections   -c "Src/main.c" -o "VisualGDB/Debug/main.o" -MD -MP -MF "VisualGDB/Debug/main.dep"
         system_stm32f1xx.c
         c:\sysgcc\arm-eabi\bin\arm-eabi-gcc.exe -mthumb -mcpu=cortex-m3 -IE:/Users/bertz/Documents/GitHub/ENC28J60/ -IInc -IDrivers/CMSIS/Device/ST/STM32F1xx/Include -IDrivers/STM32F1xx_HAL_Driver/Inc -IDrivers/STM32F1xx_HAL_Driver/Inc/Legacy -IDrivers/STM32F1xx_HAL_Driver/Src -IDrivers/CMSIS/Include -ggdb -O0 -DARM_MATH_CM3 -DSTM32F103RCTx -Dflash_layout -DSTM32F103xE -DDEBUG=1 -DDEBUG=1 -ffunction-sections -fdata-sections   -c "Drivers/CMSIS/Device/ST/STM32F1xx/Source/Templates/system_stm32f1xx.c" -o "VisualGDB/Debug/system_stm32f1xx.o" -MD -MP -MF "VisualGDB/Debug/system_stm32f1xx.dep"
         stm32f1xx_hal.c
         c:\sysgcc\arm-eabi\bin\arm-eabi-gcc.exe -mthumb -mcpu=cortex-m3 -IE:/Users/bertz/Documents/GitHub/ENC28J60/ -IInc -IDrivers/CMSIS/Device/ST/STM32F1xx/Include -IDrivers/STM32F1xx_HAL_Driver/Inc -IDrivers/STM32F1xx_HAL_Driver/Inc/Legacy -IDrivers/STM32F1xx_HAL_Driver/Src -IDrivers/CMSIS/Include -ggdb -O0 -DARM_MATH_CM3 -DSTM32F103RCTx -Dflash_layout -DSTM32F103xE -DDEBUG=1 -DDEBUG=1 -ffunction-sections -fdata-sections   -c "Drivers/STM32F1xx_HAL_Driver/Src/stm32f1xx_hal.c" -o "VisualGDB/Debug/stm32f1xx_hal.o" -MD -MP -MF "VisualGDB/Debug/stm32f1xx_hal.dep"
         stm32f1xx_hal_rcc.c
         c:\sysgcc\arm-eabi\bin\arm-eabi-gcc.exe -mthumb -mcpu=cortex-m3 -IE:/Users/bertz/Documents/GitHub/ENC28J60/ -IInc -IDrivers/CMSIS/Device/ST/STM32F1xx/Include -IDrivers/STM32F1xx_HAL_Driver/Inc -IDrivers/STM32F1xx_HAL_Driver/Inc/Legacy -IDrivers/STM32F1xx_HAL_Driver/Src -IDrivers/CMSIS/Include -ggdb -O0 -DARM_MATH_CM3 -DSTM32F103RCTx -Dflash_layout -DSTM32F103xE -DDEBUG=1 -DDEBUG=1 -ffunction-sections -fdata-sections   -c "Drivers/STM32F1xx_HAL_Driver/Src/stm32f1xx_hal_rcc.c" -o "VisualGDB/Debug/stm32f1xx_hal_rcc.o" -MD -MP -MF "VisualGDB/Debug/stm32f1xx_hal_rcc.dep"
         stm32f1xx_hal_rcc_ex.c
         c:\sysgcc\arm-eabi\bin\arm-eabi-gcc.exe -mthumb -mcpu=cortex-m3 -IE:/Users/bertz/Documents/GitHub/ENC28J60/ -IInc -IDrivers/CMSIS/Device/ST/STM32F1xx/Include -IDrivers/STM32F1xx_HAL_Driver/Inc -IDrivers/STM32F1xx_HAL_Driver/Inc/Legacy -IDrivers/STM32F1xx_HAL_Driver/Src -IDrivers/CMSIS/Include -ggdb -O0 -DARM_MATH_CM3 -DSTM32F103RCTx -Dflash_layout -DSTM32F103xE -DDEBUG=1 -DDEBUG=1 -ffunction-sections -fdata-sections   -c "Drivers/STM32F1xx_HAL_Driver/Src/stm32f1xx_hal_rcc_ex.c" -o "VisualGDB/Debug/stm32f1xx_hal_rcc_ex.o" -MD -MP -MF "VisualGDB/Debug/stm32f1xx_hal_rcc_ex.dep"
         stm32f1xx_hal_cortex.c
         c:\sysgcc\arm-eabi\bin\arm-eabi-gcc.exe -mthumb -mcpu=cortex-m3 -IE:/Users/bertz/Documents/GitHub/ENC28J60/ -IInc -IDrivers/CMSIS/Device/ST/STM32F1xx/Include -IDrivers/STM32F1xx_HAL_Driver/Inc -IDrivers/STM32F1xx_HAL_Driver/Inc/Legacy -IDrivers/STM32F1xx_HAL_Driver/Src -IDrivers/CMSIS/Include -ggdb -O0 -DARM_MATH_CM3 -DSTM32F103RCTx -Dflash_layout -DSTM32F103xE -DDEBUG=1 -DDEBUG=1 -ffunction-sections -fdata-sections   -c "Drivers/STM32F1xx_HAL_Driver/Src/stm32f1xx_hal_cortex.c" -o "VisualGDB/Debug/stm32f1xx_hal_cortex.o" -MD -MP -MF "VisualGDB/Debug/stm32f1xx_hal_cortex.dep"
         stm32f1xx_hal_tim.c
         c:\sysgcc\arm-eabi\bin\arm-eabi-gcc.exe -mthumb -mcpu=cortex-m3 -IE:/Users/bertz/Documents/GitHub/ENC28J60/ -IInc -IDrivers/CMSIS/Device/ST/STM32F1xx/Include -IDrivers/STM32F1xx_HAL_Driver/Inc -IDrivers/STM32F1xx_HAL_Driver/Inc/Legacy -IDrivers/STM32F1xx_HAL_Driver/Src -IDrivers/CMSIS/Include -ggdb -O0 -DARM_MATH_CM3 -DSTM32F103RCTx -Dflash_layout -DSTM32F103xE -DDEBUG=1 -DDEBUG=1 -ffunction-sections -fdata-sections   -c "Drivers/STM32F1xx_HAL_Driver/Src/stm32f1xx_hal_tim.c" -o "VisualGDB/Debug/stm32f1xx_hal_tim.o" -MD -MP -MF "VisualGDB/Debug/stm32f1xx_hal_tim.dep"
         stm32f1xx_hal_tim_ex.c
         c:\sysgcc\arm-eabi\bin\arm-eabi-gcc.exe -mthumb -mcpu=cortex-m3 -IE:/Users/bertz/Documents/GitHub/ENC28J60/ -IInc -IDrivers/CMSIS/Device/ST/STM32F1xx/Include -IDrivers/STM32F1xx_HAL_Driver/Inc -IDrivers/STM32F1xx_HAL_Driver/Inc/Legacy -IDrivers/STM32F1xx_HAL_Driver/Src -IDrivers/CMSIS/Include -ggdb -O0 -DARM_MATH_CM3 -DSTM32F103RCTx -Dflash_layout -DSTM32F103xE -DDEBUG=1 -DDEBUG=1 -ffunction-sections -fdata-sections   -c "Drivers/STM32F1xx_HAL_Driver/Src/stm32f1xx_hal_tim_ex.c" -o "VisualGDB/Debug/stm32f1xx_hal_tim_ex.o" -MD -MP -MF "VisualGDB/Debug/stm32f1xx_hal_tim_ex.dep"
         stm32f1xx_hal_uart.c
         c:\sysgcc\arm-eabi\bin\arm-eabi-gcc.exe -mthumb -mcpu=cortex-m3 -IE:/Users/bertz/Documents/GitHub/ENC28J60/ -IInc -IDrivers/CMSIS/Device/ST/STM32F1xx/Include -IDrivers/STM32F1xx_HAL_Driver/Inc -IDrivers/STM32F1xx_HAL_Driver/Inc/Legacy -IDrivers/STM32F1xx_HAL_Driver/Src -IDrivers/CMSIS/Include -ggdb -O0 -DARM_MATH_CM3 -DSTM32F103RCTx -Dflash_layout -DSTM32F103xE -DDEBUG=1 -DDEBUG=1 -ffunction-sections -fdata-sections   -c "Drivers/STM32F1xx_HAL_Driver/Src/stm32f1xx_hal_uart.c" -o "VisualGDB/Debug/stm32f1xx_hal_uart.o" -MD -MP -MF "VisualGDB/Debug/stm32f1xx_hal_uart.dep"
         stm32f1xx_hal_dma.c
         c:\sysgcc\arm-eabi\bin\arm-eabi-gcc.exe -mthumb -mcpu=cortex-m3 -IE:/Users/bertz/Documents/GitHub/ENC28J60/ -IInc -IDrivers/CMSIS/Device/ST/STM32F1xx/Include -IDrivers/STM32F1xx_HAL_Driver/Inc -IDrivers/STM32F1xx_HAL_Driver/Inc/Legacy -IDrivers/STM32F1xx_HAL_Driver/Src -IDrivers/CMSIS/Include -ggdb -O0 -DARM_MATH_CM3 -DSTM32F103RCTx -Dflash_layout -DSTM32F103xE -DDEBUG=1 -DDEBUG=1 -ffunction-sections -fdata-sections   -c "Drivers/STM32F1xx_HAL_Driver/Src/stm32f1xx_hal_dma.c" -o "VisualGDB/Debug/stm32f1xx_hal_dma.o" -MD -MP -MF "VisualGDB/Debug/stm32f1xx_hal_dma.dep"
         stm32f1xx_hal_pwr.c
         c:\sysgcc\arm-eabi\bin\arm-eabi-gcc.exe -mthumb -mcpu=cortex-m3 -IE:/Users/bertz/Documents/GitHub/ENC28J60/ -IInc -IDrivers/CMSIS/Device/ST/STM32F1xx/Include -IDrivers/STM32F1xx_HAL_Driver/Inc -IDrivers/STM32F1xx_HAL_Driver/Inc/Legacy -IDrivers/STM32F1xx_HAL_Driver/Src -IDrivers/CMSIS/Include -ggdb -O0 -DARM_MATH_CM3 -DSTM32F103RCTx -Dflash_layout -DSTM32F103xE -DDEBUG=1 -DDEBUG=1 -ffunction-sections -fdata-sections   -c "Drivers/STM32F1xx_HAL_Driver/Src/stm32f1xx_hal_pwr.c" -o "VisualGDB/Debug/stm32f1xx_hal_pwr.o" -MD -MP -MF "VisualGDB/Debug/stm32f1xx_hal_pwr.dep"
         stm32f1xx_hal_spi.c
         c:\sysgcc\arm-eabi\bin\arm-eabi-gcc.exe -mthumb -mcpu=cortex-m3 -IE:/Users/bertz/Documents/GitHub/ENC28J60/ -IInc -IDrivers/CMSIS/Device/ST/STM32F1xx/Include -IDrivers/STM32F1xx_HAL_Driver/Inc -IDrivers/STM32F1xx_HAL_Driver/Inc/Legacy -IDrivers/STM32F1xx_HAL_Driver/Src -IDrivers/CMSIS/Include -ggdb -O0 -DARM_MATH_CM3 -DSTM32F103RCTx -Dflash_layout -DSTM32F103xE -DDEBUG=1 -DDEBUG=1 -ffunction-sections -fdata-sections   -c "Drivers/STM32F1xx_HAL_Driver/Src/stm32f1xx_hal_spi.c" -o "VisualGDB/Debug/stm32f1xx_hal_spi.o" -MD -MP -MF "VisualGDB/Debug/stm32f1xx_hal_spi.dep"
         stm32f1xx_hal_spi_ex.c
         c:\sysgcc\arm-eabi\bin\arm-eabi-gcc.exe -mthumb -mcpu=cortex-m3 -IE:/Users/bertz/Documents/GitHub/ENC28J60/ -IInc -IDrivers/CMSIS/Device/ST/STM32F1xx/Include -IDrivers/STM32F1xx_HAL_Driver/Inc -IDrivers/STM32F1xx_HAL_Driver/Inc/Legacy -IDrivers/STM32F1xx_HAL_Driver/Src -IDrivers/CMSIS/Include -ggdb -O0 -DARM_MATH_CM3 -DSTM32F103RCTx -Dflash_layout -DSTM32F103xE -DDEBUG=1 -DDEBUG=1 -ffunction-sections -fdata-sections   -c "Drivers/STM32F1xx_HAL_Driver/Src/stm32f1xx_hal_spi_ex.c" -o "VisualGDB/Debug/stm32f1xx_hal_spi_ex.o" -MD -MP -MF "VisualGDB/Debug/stm32f1xx_hal_spi_ex.dep"
         stm32f1xx_hal_flash.c
         c:\sysgcc\arm-eabi\bin\arm-eabi-gcc.exe -mthumb -mcpu=cortex-m3 -IE:/Users/bertz/Documents/GitHub/ENC28J60/ -IInc -IDrivers/CMSIS/Device/ST/STM32F1xx/Include -IDrivers/STM32F1xx_HAL_Driver/Inc -IDrivers/STM32F1xx_HAL_Driver/Inc/Legacy -IDrivers/STM32F1xx_HAL_Driver/Src -IDrivers/CMSIS/Include -ggdb -O0 -DARM_MATH_CM3 -DSTM32F103RCTx -Dflash_layout -DSTM32F103xE -DDEBUG=1 -DDEBUG=1 -ffunction-sections -fdata-sections   -c "Drivers/STM32F1xx_HAL_Driver/Src/stm32f1xx_hal_flash.c" -o "VisualGDB/Debug/stm32f1xx_hal_flash.o" -MD -MP -MF "VisualGDB/Debug/stm32f1xx_hal_flash.dep"
         stm32f1xx_hal_flash_ex.c
         c:\sysgcc\arm-eabi\bin\arm-eabi-gcc.exe -mthumb -mcpu=cortex-m3 -IE:/Users/bertz/Documents/GitHub/ENC28J60/ -IInc -IDrivers/CMSIS/Device/ST/STM32F1xx/Include -IDrivers/STM32F1xx_HAL_Driver/Inc -IDrivers/STM32F1xx_HAL_Driver/Inc/Legacy -IDrivers/STM32F1xx_HAL_Driver/Src -IDrivers/CMSIS/Include -ggdb -O0 -DARM_MATH_CM3 -DSTM32F103RCTx -Dflash_layout -DSTM32F103xE -DDEBUG=1 -DDEBUG=1 -ffunction-sections -fdata-sections   -c "Drivers/STM32F1xx_HAL_Driver/Src/stm32f1xx_hal_flash_ex.c" -o "VisualGDB/Debug/stm32f1xx_hal_flash_ex.o" -MD -MP -MF "VisualGDB/Debug/stm32f1xx_hal_flash_ex.dep"
         stm32f1xx_hal_gpio.c
         c:\sysgcc\arm-eabi\bin\arm-eabi-gcc.exe -mthumb -mcpu=cortex-m3 -IE:/Users/bertz/Documents/GitHub/ENC28J60/ -IInc -IDrivers/CMSIS/Device/ST/STM32F1xx/Include -IDrivers/STM32F1xx_HAL_Driver/Inc -IDrivers/STM32F1xx_HAL_Driver/Inc/Legacy -IDrivers/STM32F1xx_HAL_Driver/Src -IDrivers/CMSIS/Include -ggdb -O0 -DARM_MATH_CM3 -DSTM32F103RCTx -Dflash_layout -DSTM32F103xE -DDEBUG=1 -DDEBUG=1 -ffunction-sections -fdata-sections   -c "Drivers/STM32F1xx_HAL_Driver/Src/stm32f1xx_hal_gpio.c" -o "VisualGDB/Debug/stm32f1xx_hal_gpio.o" -MD -MP -MF "VisualGDB/Debug/stm32f1xx_hal_gpio.dep"
         startup_stm32f103xe.c
         c:\sysgcc\arm-eabi\bin\arm-eabi-gcc.exe -mthumb -mcpu=cortex-m3 -IE:/Users/bertz/Documents/GitHub/ENC28J60/ -IInc -IDrivers/CMSIS/Device/ST/STM32F1xx/Include -IDrivers/STM32F1xx_HAL_Driver/Inc -IDrivers/STM32F1xx_HAL_Driver/Inc/Legacy -IDrivers/STM32F1xx_HAL_Driver/Src -IDrivers/CMSIS/Include -ggdb -O0 -DARM_MATH_CM3 -DSTM32F103RCTx -Dflash_layout -DSTM32F103xE -DDEBUG=1 -DDEBUG=1 -ffunction-sections -fdata-sections   -c "C:/Users/Bert/AppData/Local/VisualGDB/EmbeddedBSPs/arm-eabi/com.sysprogs.arm.stm32/STM32F1xxxx/StartupFiles/startup_stm32f103xe.c" -o "VisualGDB/Debug/startup_stm32f103xe.o" -MD -MP -MF "VisualGDB/Debug/startup_stm32f103xe.dep"
         stm32f1xx_hal_gpio_ex.c
         c:\sysgcc\arm-eabi\bin\arm-eabi-gcc.exe -mthumb -mcpu=cortex-m3 -IE:/Users/bertz/Documents/GitHub/ENC28J60/ -IInc -IDrivers/CMSIS/Device/ST/STM32F1xx/Include -IDrivers/STM32F1xx_HAL_Driver/Inc -IDrivers/STM32F1xx_HAL_Driver/Inc/Legacy -IDrivers/STM32F1xx_HAL_Driver/Src -IDrivers/CMSIS/Include -ggdb -O0 -DARM_MATH_CM3 -DSTM32F103RCTx -Dflash_layout -DSTM32F103xE -DDEBUG=1 -DDEBUG=1 -ffunction-sections -fdata-sections   -c "Drivers/STM32F1xx_HAL_Driver/Src/stm32f1xx_hal_gpio_ex.c" -o "VisualGDB/Debug/stm32f1xx_hal_gpio_ex.o" -MD -MP -MF "VisualGDB/Debug/stm32f1xx_hal_gpio_ex.dep"
       Link:
         c:\sysgcc\arm-eabi\bin\arm-eabi-g++.exe -o ../VisualGDB/Debug/VS_ENC28J60 -Wl,-gc-sections -TC:/Users/Bert/AppData/Local/VisualGDB/EmbeddedBSPs/arm-eabi/com.sysprogs.arm.stm32/STM32F1xxxx/LinkerScripts/STM32F103RCTx_flash.lds --specs=nano.specs -u _printf_float --specs=nosys.specs  -mthumb -mcpu=cortex-m3  -Wl,--start-group VisualGDB/Debug/gpio.o VisualGDB/Debug/dma.o VisualGDB/Debug/spi.o VisualGDB/Debug/usart.o VisualGDB/Debug/stm32f1xx_it.o VisualGDB/Debug/stm32f1xx_hal_msp.o VisualGDB/Debug/main.o VisualGDB/Debug/system_stm32f1xx.o VisualGDB/Debug/stm32f1xx_hal.o VisualGDB/Debug/stm32f1xx_hal_rcc.o VisualGDB/Debug/stm32f1xx_hal_rcc_ex.o VisualGDB/Debug/stm32f1xx_hal_cortex.o VisualGDB/Debug/stm32f1xx_hal_tim.o VisualGDB/Debug/stm32f1xx_hal_tim_ex.o VisualGDB/Debug/stm32f1xx_hal_uart.o VisualGDB/Debug/stm32f1xx_hal_dma.o VisualGDB/Debug/stm32f1xx_hal_pwr.o VisualGDB/Debug/stm32f1xx_hal_spi.o VisualGDB/Debug/stm32f1xx_hal_spi_ex.o VisualGDB/Debug/stm32f1xx_hal_flash.o VisualGDB/Debug/stm32f1xx_hal_flash_ex.o VisualGDB/Debug/stm32f1xx_hal_gpio.o VisualGDB/Debug/startup_stm32f103xe.o VisualGDB/Debug/stm32f1xx_hal_gpio_ex.o -Wl,--end-group
         Linking ../VisualGDB/Debug/VS_ENC28J60...
       GenerateBinFile:
         c:\sysgcc\arm-eabi\bin\arm-eabi-objcopy.exe  -O binary E:/Users/bertz/Documents/GitHub/VisualGDB/Debug/VS_ENC28J60 ../VisualGDB/Debug/VS_ENC28J60.bin
       OutputMemoryUtilization:
         ------------------- Memory utilization report -------------------
         Used FLASH: 23KB out of 256KB (9%)
         Used RAM: 736 bytes out of 48KB (1%)
     1>已完成生成项目“E:\Users\bertz\Documents\GitHub\ENC28J60\VS_ENC28J60.vcxproj”(Build 个目标)的操作。

生成成功。

已用时间 00:00:10.25
